# JRE version: OpenJDK Runtime Environment (11.0.12+7) (build 11.0.12+7-b1504.28-7817840)
# Java VM: OpenJDK 64-Bit Server VM (11.0.12+7-b1504.28-7817840, mixed mode, tiered, compressed oops, g1 gc, windows-amd64)
Heap:
 garbage-first heap   total 790528K, used 170901K [0x0000000080000000, 0x0000000100000000)
  region size 1024K, 12 young (12288K), 12 survivors (12288K)
 Metaspace       used 115541K, capacity 118811K, committed 119040K, reserved 1153024K
  class space    used 14585K, capacity 15795K, committed 15872K, reserved 1048576K
GC Heap History (20 events):
Event: 5548.720 GC heap after
{Heap after GC invocations=82 (full 0):
 garbage-first heap   total 294912K, used 150620K [0x0000000080000000, 0x0000000100000000)
  region size 1024K, 4 young (4096K), 4 survivors (4096K)
 Metaspace       used 114772K, capacity 117874K, committed 118144K, reserved 1150976K
  class space    used 14504K, capacity 15673K, committed 15744K, reserved 1048576K
}
Event: 5548.924 GC heap before
{Heap before GC invocations=82 (full 0):
 garbage-first heap   total 294912K, used 246876K [0x0000000080000000, 0x0000000100000000)
  region size 1024K, 98 young (100352K), 4 survivors (4096K)
 Metaspace       used 114811K, capacity 117878K, committed 118144K, reserved 1150976K
  class space    used 14505K, capacity 15674K, committed 15744K, reserved 1048576K
}
Event: 5548.931 GC heap after
{Heap after GC invocations=83 (full 0):
 garbage-first heap   total 294912K, used 150933K [0x0000000080000000, 0x0000000100000000)
  region size 1024K, 4 young (4096K), 4 survivors (4096K)
 Metaspace       used 114811K, capacity 117878K, committed 118144K, reserved 1150976K
  class space    used 14505K, capacity 15674K, committed 15744K, reserved 1048576K
}
Event: 5549.232 GC heap before
{Heap before GC invocations=84 (full 0):
 garbage-first heap   total 294912K, used 248213K [0x0000000080000000, 0x0000000100000000)
  region size 1024K, 99 young (101376K), 4 survivors (4096K)
 Metaspace       used 114835K, capacity 117890K, committed 118144K, reserved 1150976K
  class space    used 14509K, capacity 15678K, committed 15744K, reserved 1048576K
}
Event: 5549.243 GC heap after
{Heap after GC invocations=85 (full 0):
 garbage-first heap   total 354304K, used 151508K [0x0000000080000000, 0x0000000100000000)
  region size 1024K, 5 young (5120K), 5 survivors (5120K)
 Metaspace       used 114835K, capacity 117890K, committed 118144K, reserved 1150976K
  class space    used 14509K, capacity 15678K, committed 15744K, reserved 1048576K
}
Event: 5549.270 GC heap before
{Heap before GC invocations=85 (full 0):
 garbage-first heap   total 354304K, used 163796K [0x0000000080000000, 0x0000000100000000)
  region size 1024K, 17 young (17408K), 5 survivors (5120K)
 Metaspace       used 114836K, capacity 117890K, committed 118144K, reserved 1150976K
  class space    used 14509K, capacity 15678K, committed 15744K, reserved 1048576K
}
Event: 5549.285 GC heap after
{Heap after GC invocations=86 (full 0):
 garbage-first heap   total 354304K, used 151564K [0x0000000080000000, 0x0000000100000000)
  region size 1024K, 2 young (2048K), 2 survivors (2048K)
 Metaspace       used 114836K, capacity 117890K, committed 118144K, reserved 1150976K
  class space    used 14509K, capacity 15678K, committed 15744K, reserved 1048576K
}
Event: 5549.659 GC heap before
{Heap before GC invocations=86 (full 0):
 garbage-first heap   total 354304K, used 265228K [0x0000000080000000, 0x0000000100000000)
  region size 1024K, 114 young (116736K), 2 survivors (2048K)
 Metaspace       used 114868K, capacity 117965K, committed 118144K, reserved 1150976K
  class space    used 14513K, capacity 15682K, committed 15744K, reserved 1048576K
}
Event: 5549.671 GC heap after
{Heap after GC invocations=87 (full 0):
 garbage-first heap   total 354304K, used 155549K [0x0000000080000000, 0x0000000100000000)
  region size 1024K, 6 young (6144K), 6 survivors (6144K)
 Metaspace       used 114868K, capacity 117965K, committed 118144K, reserved 1150976K
  class space    used 14513K, capacity 15682K, committed 15744K, reserved 1048576K
}
Event: 5550.857 GC heap before
{Heap before GC invocations=88 (full 0):
 garbage-first heap   total 354304K, used 278429K [0x0000000080000000, 0x0000000100000000)
  region size 1024K, 127 young (130048K), 6 survivors (6144K)
 Metaspace       used 114916K, capacity 117992K, committed 118144K, reserved 1150976K
  class space    used 14520K, capacity 15690K, committed 15744K, reserved 1048576K
}
Event: 5550.873 GC heap after
{Heap after GC invocations=89 (full 0):
 garbage-first heap   total 354304K, used 163914K [0x0000000080000000, 0x0000000100000000)
  region size 1024K, 14 young (14336K), 14 survivors (14336K)
 Metaspace       used 114916K, capacity 117992K, committed 118144K, reserved 1150976K
  class space    used 14520K, capacity 15690K, committed 15744K, reserved 1048576K
}
Event: 5550.892 GC heap before
{Heap before GC invocations=89 (full 0):
 garbage-first heap   total 354304K, used 166986K [0x0000000080000000, 0x0000000100000000)
  region size 1024K, 17 young (17408K), 14 survivors (14336K)
 Metaspace       used 114916K, capacity 117992K, committed 118144K, reserved 1150976K
  class space    used 14520K, capacity 15690K, committed 15744K, reserved 1048576K
}
Event: 5550.976 GC heap after
{Heap after GC invocations=90 (full 0):
 garbage-first heap   total 462848K, used 160661K [0x0000000080000000, 0x0000000100000000)
  region size 1024K, 2 young (2048K), 2 survivors (2048K)
 Metaspace       used 114916K, capacity 117992K, committed 118144K, reserved 1150976K
  class space    used 14520K, capacity 15690K, committed 15744K, reserved 1048576K
}
Event: 5552.561 GC heap before
{Heap before GC invocations=90 (full 0):
 garbage-first heap   total 462848K, used 291733K [0x0000000080000000, 0x0000000100000000)
  region size 1024K, 131 young (134144K), 2 survivors (2048K)
 Metaspace       used 115438K, capacity 118713K, committed 119040K, reserved 1153024K
  class space    used 14581K, capacity 15789K, committed 15872K, reserved 1048576K
}
Event: 5552.600 GC heap after
{Heap after GC invocations=91 (full 0):
 garbage-first heap   total 462848K, used 169862K [0x0000000080000000, 0x0000000100000000)
  region size 1024K, 11 young (11264K), 11 survivors (11264K)
 Metaspace       used 115438K, capacity 118713K, committed 119040K, reserved 1153024K
  class space    used 14581K, capacity 15789K, committed 15872K, reserved 1048576K
}
Event: 5554.247 GC heap before
{Heap before GC invocations=92 (full 0):
 garbage-first heap   total 462848K, used 359302K [0x0000000080000000, 0x0000000100000000)
  region size 1024K, 196 young (200704K), 11 survivors (11264K)
 Metaspace       used 115518K, capacity 118801K, committed 119040K, reserved 1153024K
  class space    used 14584K, capacity 15792K, committed 15872K, reserved 1048576K
}
Event: 5554.276 GC heap after
{Heap after GC invocations=93 (full 0):
 garbage-first heap   total 462848K, used 170302K [0x0000000080000000, 0x0000000100000000)
  region size 1024K, 12 young (12288K), 12 survivors (12288K)
 Metaspace       used 115518K, capacity 118801K, committed 119040K, reserved 1153024K
  class space    used 14584K, capacity 15792K, committed 15872K, reserved 1048576K
}
Event: 5555.080 GC heap before
{Heap before GC invocations=93 (full 0):
 garbage-first heap   total 462848K, used 381246K [0x0000000080000000, 0x0000000100000000)
  region size 1024K, 218 young (223232K), 12 survivors (12288K)
 Metaspace       used 115529K, capacity 118810K, committed 119040K, reserved 1153024K
  class space    used 14585K, capacity 15795K, committed 15872K, reserved 1048576K
}
Event: 5555.104 GC heap after
{Heap after GC invocations=94 (full 0):
 garbage-first heap   total 462848K, used 170894K [0x0000000080000000, 0x0000000100000000)
  region size 1024K, 12 young (12288K), 12 survivors (12288K)
 Metaspace       used 115529K, capacity 118810K, committed 119040K, reserved 1153024K
  class space    used 14585K, capacity 15795K, committed 15872K, reserved 1048576K
}
Event: 5556.864 GC heap before
{Heap before GC invocations=95 (full 0):
 garbage-first heap   total 462848K, used 395150K [0x0000000080000000, 0x0000000100000000)
  region size 1024K, 231 young (236544K), 12 survivors (12288K)
 Metaspace       used 115541K, capacity 118811K, committed 119040K, reserved 1153024K
  class space    used 14585K, capacity 15795K, committed 15872K, reserved 1048576K
}

