# JRE version: OpenJDK Runtime Environment (11.0.12+7) (build 11.0.12+7-b1504.28-7817840)
# Java VM: OpenJDK 64-Bit Server VM (11.0.12+7-b1504.28-7817840, mixed mode, tiered, compressed oops, g1 gc, windows-amd64)
Heap:
 garbage-first heap   total 647168K, used 165888K [0x0000000080000000, 0x0000000100000000)
  region size 1024K, 2 young (2048K), 2 survivors (2048K)
 Metaspace       used 110105K, capacity 112956K, committed 113352K, reserved 1146880K
  class space    used 14144K, capacity 15264K, committed 15436K, reserved 1048576K
GC Heap History (20 events):
Event: 41.646 GC heap after
{Heap after GC invocations=69 (full 0):
 garbage-first heap   total 199680K, used 133649K [0x0000000080000000, 0x0000000100000000)
  region size 1024K, 2 young (2048K), 2 survivors (2048K)
 Metaspace       used 101692K, capacity 104052K, committed 104264K, reserved 1140736K
  class space    used 13041K, capacity 13916K, committed 14028K, reserved 1048576K
}
Event: 41.752 GC heap before
{Heap before GC invocations=69 (full 0):
 garbage-first heap   total 199680K, used 162321K [0x0000000080000000, 0x0000000100000000)
  region size 1024K, 31 young (31744K), 2 survivors (2048K)
 Metaspace       used 103111K, capacity 105671K, committed 105928K, reserved 1140736K
  class space    used 13281K, capacity 14302K, committed 14412K, reserved 1048576K
}
Event: 41.760 GC heap after
{Heap after GC invocations=70 (full 0):
 garbage-first heap   total 199680K, used 138026K [0x0000000080000000, 0x0000000100000000)
  region size 1024K, 4 young (4096K), 4 survivors (4096K)
 Metaspace       used 103111K, capacity 105671K, committed 105928K, reserved 1140736K
  class space    used 13281K, capacity 14302K, committed 14412K, reserved 1048576K
}
Event: 41.811 GC heap before
{Heap before GC invocations=70 (full 0):
 garbage-first heap   total 199680K, used 165674K [0x0000000080000000, 0x0000000100000000)
  region size 1024K, 31 young (31744K), 4 survivors (4096K)
 Metaspace       used 103170K, capacity 105764K, committed 105928K, reserved 1140736K
  class space    used 13288K, capacity 14309K, committed 14412K, reserved 1048576K
}
Event: 41.819 GC heap after
{Heap after GC invocations=71 (full 0):
 garbage-first heap   total 199680K, used 142951K [0x0000000080000000, 0x0000000100000000)
  region size 1024K, 4 young (4096K), 4 survivors (4096K)
 Metaspace       used 103170K, capacity 105764K, committed 105928K, reserved 1140736K
  class space    used 13288K, capacity 14309K, committed 14412K, reserved 1048576K
}
Event: 41.859 GC heap before
{Heap before GC invocations=71 (full 0):
 garbage-first heap   total 199680K, used 167527K [0x0000000080000000, 0x0000000100000000)
  region size 1024K, 28 young (28672K), 4 survivors (4096K)
 Metaspace       used 103246K, capacity 105840K, committed 106184K, reserved 1140736K
  class space    used 13301K, capacity 14313K, committed 14412K, reserved 1048576K
}
Event: 41.867 GC heap after
{Heap after GC invocations=72 (full 0):
 garbage-first heap   total 199680K, used 147456K [0x0000000080000000, 0x0000000100000000)
  region size 1024K, 4 young (4096K), 4 survivors (4096K)
 Metaspace       used 103246K, capacity 105840K, committed 106184K, reserved 1140736K
  class space    used 13301K, capacity 14313K, committed 14412K, reserved 1048576K
}
Event: 41.899 GC heap before
{Heap before GC invocations=72 (full 0):
 garbage-first heap   total 199680K, used 167936K [0x0000000080000000, 0x0000000100000000)
  region size 1024K, 25 young (25600K), 4 survivors (4096K)
 Metaspace       used 103263K, capacity 105849K, committed 106184K, reserved 1140736K
  class space    used 13304K, capacity 14316K, committed 14412K, reserved 1048576K
}
Event: 41.906 GC heap after
{Heap after GC invocations=73 (full 0):
 garbage-first heap   total 199680K, used 151765K [0x0000000080000000, 0x0000000100000000)
  region size 1024K, 4 young (4096K), 4 survivors (4096K)
 Metaspace       used 103263K, capacity 105849K, committed 106184K, reserved 1140736K
  class space    used 13304K, capacity 14316K, committed 14412K, reserved 1048576K
}
Event: 42.033 GC heap before
{Heap before GC invocations=73 (full 0):
 garbage-first heap   total 199680K, used 169173K [0x0000000080000000, 0x0000000100000000)
  region size 1024K, 22 young (22528K), 4 survivors (4096K)
 Metaspace       used 104171K, capacity 106786K, committed 106824K, reserved 1142784K
  class space    used 13467K, capacity 14502K, committed 14540K, reserved 1048576K
}
Event: 42.042 GC heap after
{Heap after GC invocations=74 (full 0):
 garbage-first heap   total 199680K, used 154611K [0x0000000080000000, 0x0000000100000000)
  region size 1024K, 3 young (3072K), 3 survivors (3072K)
 Metaspace       used 104171K, capacity 106786K, committed 106824K, reserved 1142784K
  class space    used 13467K, capacity 14502K, committed 14540K, reserved 1048576K
}
Event: 42.089 GC heap before
{Heap before GC invocations=74 (full 0):
 garbage-first heap   total 199680K, used 170995K [0x0000000080000000, 0x0000000100000000)
  region size 1024K, 19 young (19456K), 3 survivors (3072K)
 Metaspace       used 104310K, capacity 106883K, committed 107208K, reserved 1142784K
  class space    used 13502K, capacity 14534K, committed 14668K, reserved 1048576K
}
Event: 42.110 GC heap after
{Heap after GC invocations=75 (full 0):
 garbage-first heap   total 297984K, used 158252K [0x0000000080000000, 0x0000000100000000)
  region size 1024K, 3 young (3072K), 3 survivors (3072K)
 Metaspace       used 104310K, capacity 106883K, committed 107208K, reserved 1142784K
  class space    used 13502K, capacity 14534K, committed 14668K, reserved 1048576K
}
Event: 42.551 GC heap before
{Heap before GC invocations=76 (full 0):
 garbage-first heap   total 297984K, used 218668K [0x0000000080000000, 0x0000000100000000)
  region size 1024K, 62 young (63488K), 3 survivors (3072K)
 Metaspace       used 107565K, capacity 110276K, committed 110408K, reserved 1144832K
  class space    used 13950K, capacity 15038K, committed 15052K, reserved 1048576K
}
Event: 42.584 GC heap after
{Heap after GC invocations=77 (full 0):
 garbage-first heap   total 297984K, used 164172K [0x0000000080000000, 0x0000000100000000)
  region size 1024K, 8 young (8192K), 8 survivors (8192K)
 Metaspace       used 107565K, capacity 110276K, committed 110408K, reserved 1144832K
  class space    used 13950K, capacity 15038K, committed 15052K, reserved 1048576K
}
Event: 42.839 GC heap before
{Heap before GC invocations=77 (full 0):
 garbage-first heap   total 297984K, used 223564K [0x0000000080000000, 0x0000000100000000)
  region size 1024K, 67 young (68608K), 8 survivors (8192K)
 Metaspace       used 108931K, capacity 111880K, committed 111944K, reserved 1146880K
  class space    used 14132K, capacity 15300K, committed 15308K, reserved 1048576K
}
Event: 42.864 GC heap after
{Heap after GC invocations=78 (full 0):
 garbage-first heap   total 297984K, used 165566K [0x0000000080000000, 0x0000000100000000)
  region size 1024K, 2 young (2048K), 2 survivors (2048K)
 Metaspace       used 108931K, capacity 111880K, committed 111944K, reserved 1146880K
  class space    used 14132K, capacity 15300K, committed 15308K, reserved 1048576K
}
Event: 44.372 GC heap before
{Heap before GC invocations=79 (full 0):
 garbage-first heap   total 297984K, used 228030K [0x0000000080000000, 0x0000000100000000)
  region size 1024K, 63 young (64512K), 2 survivors (2048K)
 Metaspace       used 109953K, capacity 112782K, committed 113352K, reserved 1146880K
  class space    used 14136K, capacity 15228K, committed 15436K, reserved 1048576K
}
Event: 44.380 GC heap after
{Heap after GC invocations=80 (full 0):
 garbage-first heap   total 297984K, used 165451K [0x0000000080000000, 0x0000000100000000)
  region size 1024K, 2 young (2048K), 2 survivors (2048K)
 Metaspace       used 109953K, capacity 112782K, committed 113352K, reserved 1146880K
  class space    used 14136K, capacity 15228K, committed 15436K, reserved 1048576K
}
Event: 44.746 GC heap before
{Heap before GC invocations=80 (full 0):
 garbage-first heap   total 297984K, used 230987K [0x0000000080000000, 0x0000000100000000)
  region size 1024K, 66 young (67584K), 2 survivors (2048K)
 Metaspace       used 110105K, capacity 112956K, committed 113352K, reserved 1146880K
  class space    used 14144K, capacity 15264K, committed 15436K, reserved 1048576K
}

