# JRE version: OpenJDK Runtime Environment (11.0.12+7) (build 11.0.12+7-b1504.28-7817840)
# Java VM: OpenJDK 64-Bit Server VM (11.0.12+7-b1504.28-7817840, mixed mode, tiered, compressed oops, g1 gc, windows-amd64)
Heap:
 garbage-first heap   total 144384K, used 56855K [0x00000000c0c00000, 0x0000000100000000)
  region size 1024K, 2 young (2048K), 2 survivors (2048K)
 Metaspace       used 71735K, capacity 72437K, committed 72612K, reserved 1114112K
  class space    used 7890K, capacity 8113K, committed 8140K, reserved 1048576K
GC Heap History (20 events):
Event: 2.429 GC heap after
{Heap after GC invocations=9 (full 0):
 garbage-first heap   total 78848K, used 26477K [0x00000000c0c00000, 0x0000000100000000)
  region size 1024K, 4 young (4096K), 4 survivors (4096K)
 Metaspace       used 40150K, capacity 40636K, committed 40832K, reserved 1085440K
  class space    used 4786K, capacity 4969K, committed 4992K, reserved 1048576K
}
Event: 2.916 GC heap before
{Heap before GC invocations=10 (full 0):
 garbage-first heap   total 78848K, used 55149K [0x00000000c0c00000, 0x0000000100000000)
  region size 1024K, 30 young (30720K), 4 survivors (4096K)
 Metaspace       used 45709K, capacity 46243K, committed 46336K, reserved 1089536K
  class space    used 5399K, capacity 5619K, committed 5632K, reserved 1048576K
}
Event: 2.925 GC heap after
{Heap after GC invocations=11 (full 0):
 garbage-first heap   total 78848K, used 31704K [0x00000000c0c00000, 0x0000000100000000)
  region size 1024K, 4 young (4096K), 4 survivors (4096K)
 Metaspace       used 45709K, capacity 46243K, committed 46336K, reserved 1089536K
  class space    used 5399K, capacity 5619K, committed 5632K, reserved 1048576K
}
Event: 3.290 GC heap before
{Heap before GC invocations=11 (full 0):
 garbage-first heap   total 78848K, used 55256K [0x00000000c0c00000, 0x0000000100000000)
  region size 1024K, 28 young (28672K), 4 survivors (4096K)
 Metaspace       used 50335K, capacity 50919K, committed 51200K, reserved 1093632K
  class space    used 5857K, capacity 6110K, committed 6144K, reserved 1048576K
}
Event: 3.300 GC heap after
{Heap after GC invocations=12 (full 0):
 garbage-first heap   total 98304K, used 34626K [0x00000000c0c00000, 0x0000000100000000)
  region size 1024K, 3 young (3072K), 3 survivors (3072K)
 Metaspace       used 50335K, capacity 50919K, committed 51200K, reserved 1093632K
  class space    used 5857K, capacity 6110K, committed 6144K, reserved 1048576K
}
Event: 3.639 GC heap before
{Heap before GC invocations=12 (full 0):
 garbage-first heap   total 98304K, used 67394K [0x00000000c0c00000, 0x0000000100000000)
  region size 1024K, 34 young (34816K), 3 survivors (3072K)
 Metaspace       used 51380K, capacity 51980K, committed 52224K, reserved 1095680K
  class space    used 5895K, capacity 6144K, committed 6144K, reserved 1048576K
}
Event: 3.651 GC heap after
{Heap after GC invocations=13 (full 0):
 garbage-first heap   total 98304K, used 38636K [0x00000000c0c00000, 0x0000000100000000)
  region size 1024K, 4 young (4096K), 4 survivors (4096K)
 Metaspace       used 51380K, capacity 51980K, committed 52224K, reserved 1095680K
  class space    used 5895K, capacity 6144K, committed 6144K, reserved 1048576K
}
Event: 4.323 GC heap before
{Heap before GC invocations=13 (full 0):
 garbage-first heap   total 98304K, used 69356K [0x00000000c0c00000, 0x0000000100000000)
  region size 1024K, 34 young (34816K), 4 survivors (4096K)
 Metaspace       used 52930K, capacity 53563K, committed 53760K, reserved 1097728K
  class space    used 6037K, capacity 6288K, committed 6400K, reserved 1048576K
}
Event: 4.334 GC heap after
{Heap after GC invocations=14 (full 0):
 garbage-first heap   total 98304K, used 41821K [0x00000000c0c00000, 0x0000000100000000)
  region size 1024K, 5 young (5120K), 5 survivors (5120K)
 Metaspace       used 52930K, capacity 53563K, committed 53760K, reserved 1097728K
  class space    used 6037K, capacity 6288K, committed 6400K, reserved 1048576K
}
Event: 4.755 GC heap before
{Heap before GC invocations=14 (full 0):
 garbage-first heap   total 98304K, used 71517K [0x00000000c0c00000, 0x0000000100000000)
  region size 1024K, 34 young (34816K), 5 survivors (5120K)
 Metaspace       used 54056K, capacity 54641K, committed 54784K, reserved 1097728K
  class space    used 6128K, capacity 6362K, committed 6400K, reserved 1048576K
}
Event: 4.768 GC heap after
{Heap after GC invocations=15 (full 0):
 garbage-first heap   total 98304K, used 45652K [0x00000000c0c00000, 0x0000000100000000)
  region size 1024K, 4 young (4096K), 4 survivors (4096K)
 Metaspace       used 54056K, capacity 54641K, committed 54784K, reserved 1097728K
  class space    used 6128K, capacity 6362K, committed 6400K, reserved 1048576K
}
Event: 5.262 GC heap before
{Heap before GC invocations=15 (full 0):
 garbage-first heap   total 98304K, used 74324K [0x00000000c0c00000, 0x0000000100000000)
  region size 1024K, 32 young (32768K), 4 survivors (4096K)
 Metaspace       used 58604K, capacity 59248K, committed 59392K, reserved 1101824K
  class space    used 6607K, capacity 6852K, committed 6912K, reserved 1048576K
}
Event: 5.270 GC heap after
{Heap after GC invocations=16 (full 0):
 garbage-first heap   total 119808K, used 48203K [0x00000000c0c00000, 0x0000000100000000)
  region size 1024K, 3 young (3072K), 3 survivors (3072K)
 Metaspace       used 58604K, capacity 59248K, committed 59392K, reserved 1101824K
  class space    used 6607K, capacity 6852K, committed 6912K, reserved 1048576K
}
Event: 6.086 GC heap before
{Heap before GC invocations=16 (full 0):
 garbage-first heap   total 119808K, used 85067K [0x00000000c0c00000, 0x0000000100000000)
  region size 1024K, 39 young (39936K), 3 survivors (3072K)
 Metaspace       used 62853K, capacity 63540K, committed 63616K, reserved 1105920K
  class space    used 7003K, capacity 7237K, committed 7296K, reserved 1048576K
}
Event: 6.097 GC heap after
{Heap after GC invocations=17 (full 0):
 garbage-first heap   total 119808K, used 51200K [0x00000000c0c00000, 0x0000000100000000)
  region size 1024K, 5 young (5120K), 5 survivors (5120K)
 Metaspace       used 62853K, capacity 63540K, committed 63616K, reserved 1105920K
  class space    used 7003K, capacity 7237K, committed 7296K, reserved 1048576K
}
Event: 6.964 GC heap before
{Heap before GC invocations=17 (full 0):
 garbage-first heap   total 119808K, used 89088K [0x00000000c0c00000, 0x0000000100000000)
  region size 1024K, 42 young (43008K), 5 survivors (5120K)
 Metaspace       used 67577K, capacity 68260K, committed 68480K, reserved 1110016K
  class space    used 7498K, capacity 7723K, committed 7808K, reserved 1048576K
}
Event: 6.977 GC heap after
{Heap after GC invocations=18 (full 0):
 garbage-first heap   total 119808K, used 54931K [0x00000000c0c00000, 0x0000000100000000)
  region size 1024K, 6 young (6144K), 6 survivors (6144K)
 Metaspace       used 67577K, capacity 68260K, committed 68480K, reserved 1110016K
  class space    used 7498K, capacity 7723K, committed 7808K, reserved 1048576K
}
Event: 7.022 GC heap before
{Heap before GC invocations=18 (full 0):
 garbage-first heap   total 119808K, used 59027K [0x00000000c0c00000, 0x0000000100000000)
  region size 1024K, 11 young (11264K), 6 survivors (6144K)
 Metaspace       used 67990K, capacity 68644K, committed 68696K, reserved 1110016K
  class space    used 7537K, capacity 7787K, committed 7808K, reserved 1048576K
}
Event: 7.031 GC heap after
{Heap after GC invocations=19 (full 0):
 garbage-first heap   total 119808K, used 56157K [0x00000000c0c00000, 0x0000000100000000)
  region size 1024K, 1 young (1024K), 1 survivors (1024K)
 Metaspace       used 67990K, capacity 68644K, committed 68696K, reserved 1110016K
  class space    used 7537K, capacity 7787K, committed 7808K, reserved 1048576K
}
Event: 7.537 GC heap before
{Heap before GC invocations=20 (full 0):
 garbage-first heap   total 119808K, used 79709K [0x00000000c0c00000, 0x0000000100000000)
  region size 1024K, 25 young (25600K), 1 survivors (1024K)
 Metaspace       used 71735K, capacity 72437K, committed 72612K, reserved 1114112K
  class space    used 7890K, capacity 8113K, committed 8140K, reserved 1048576K
}

